<?xml version="1.0" encoding="utf-8"?>
<shfbBuild product="Sandcastle Help File Builder and Tools" version="2023.7.8.0" projectFile="F:\PrefabDrawer\PrefabDrawer\prefabDrawer.shfbproj" started="27.03.2024 20:38:49">
<buildStep step="Initializing">
The Sandcastle tools are located in &#39;D:\Sandcastle Help File Builder&#39;
Locating components in the following folder(s):
    F:\PrefabDrawer\PrefabDrawer
    C:\ProgramData\EWSoftware\Sandcastle Help File Builder\Components and Plug-Ins
    D:\Sandcastle Help File Builder\Components
Using framework reflection data for &#39;.NET Framework 4.7.2&#39; located in &#39;D:\Sandcastle Help File Builder\Data\.NETFramework&#39;
Using presentation style &#39;Default2022&#39; located in &#39;D:\Sandcastle Help File Builder\Components\Default2022&#39;
Loading and initializing plug-ins...
Website Table of Contents Generator Version 2023.7.8.0
Copyright &#169; 2006-2023, Eric Woodruff, All Rights Reserved
-------------------------------
Clearing any prior web/markdown output...
</buildStep>
<buildStep step="ValidatingDocumentationSources">
Validating and copying documentation source information
Source: F:\PrefabDrawer\PrefabDrawer\Temp\Bin\Release\NL.PrefabDrawer.xml
Source: F:\PrefabDrawer\PrefabDrawer\Temp\Bin\Release\NL.PrefabDrawer.dll
    Found assembly &#39;F:\PrefabDrawer\PrefabDrawer\Temp\Bin\Release\NL.PrefabDrawer.dll&#39;

References to include:
    UnityEditor
    UnityEngine

Copying XML comments files
    F:\PrefabDrawer\PrefabDrawer\Temp\Bin\Release\NL.PrefabDrawer.xml -&gt; F:\PrefabDrawer\PrefabDrawer\Help\Working\NL.PrefabDrawer.xml
</buildStep>
<buildStep step="GenerateSharedContent">
Generating shared content files (en-US, Английский (США))...
    Last step completed in 00:00:00,0040
</buildStep>
<buildStep step="GenerateApiFilter">
Generating API filter for MRefBuilder...
    Last step completed in 00:00:00,0110
</buildStep>
<buildStep step="GenerateReflectionInfo">
Generating reflection information...
[D:\Microsoft Visual Studio\2019\Community\MSBuild\Current\Bin\MSBuild.exe - GenerateRefInfo-4e70b96a-dbd4-44c0-9bf4-36548e7bbe36.proj]
Сборка начата 27.03.2024 20:38:51.
Проект &quot;F:\PrefabDrawer\PrefabDrawer\Help\Working\GenerateRefInfo-4e70b96a-dbd4-44c0-9bf4-36548e7bbe36.proj&quot; в узле 1 (целевые объекты по умолчанию).
PrepareForBuild:
  Создание каталога &quot;obj\Debug\&quot;.
GenerateBindingRedirects:
  Нет предлагаемых перенаправлений привязки от ResolveAssemblyReferences.
GenerateRefInfo:
  Microsoft.Build (v16.8.2+25e4d540bb58fd6d61aec1c33bc88c081e0c2299)
  &#169; Microsoft Corporation. All rights reserved.
  No source code context base path specified.  Source context information is unavailable.
  Loaded 1 assemblies for reflection and 3 dependency assemblies.
  Wrote information on 1 namespaces, 25 types, and 176 members
  Merging duplicate type and member information
  Merged 0 duplicate type(s) and 0 duplicate member(s)
Сборка проекта &quot;F:\PrefabDrawer\PrefabDrawer\Help\Working\GenerateRefInfo-4e70b96a-dbd4-44c0-9bf4-36548e7bbe36.proj&quot; завершена (целевые объекты по умолчанию).
    Last step completed in 00:00:01,8005
</buildStep>
<buildStep step="ApplyDocumentModel">
Applying document model to reflection output...
    Last step completed in 00:00:00,0310
</buildStep>
<buildStep step="AddApiTopicFilenames">
Adding topic filenames to API members...
    Last step completed in 00:00:00,0240
</buildStep>
<buildStep step="GenerateApiTopicManifest">
Generating API topic manifest...
    Last step completed in 00:00:00,0180
</buildStep>
<buildStep step="GenerateNamespaceSummaries">
Generating namespace summary information...
    Last step completed in 00:00:00,0175
</buildStep>
<buildStep step="GenerateInheritedDocumentation">
Generating inherited documentation...
[D:\Microsoft Visual Studio\2019\Community\MSBuild\Current\Bin\MSBuild.exe - GenerateInheritedDocs.proj]
    Last step completed in 00:00:00,8715
</buildStep>
<buildStep step="CopyAdditionalContent">
Copying additional content files...
No additional content to copy
    Last step completed in 00:00:00,0020
</buildStep>
<buildStep step="MergeTablesOfContents">
Merging conceptual and additional tables of contents...
    Last step completed in 00:00:00,0020
</buildStep>
<buildStep step="GenerateIntermediateTableOfContents">
Generating intermediate table of contents file for API content...
Generating conceptual content intermediate TOC file...
    Last step completed in 00:00:00,0190
</buildStep>
<buildStep step="CreateBuildAssemblerConfigs">
Creating Sandcastle configuration files...
    Last step completed in 00:00:00,1381
</buildStep>
<buildStep step="CombiningIntermediateTocFiles">
Combining conceptual and API intermediate TOC files...
    Last step completed in 00:00:00,0070
</buildStep>
<buildStep step="MergeCustomConfigs">
Merging custom build component configurations
F:\PrefabDrawer\PrefabDrawer\Help\Working\BuildAssembler.config
  Updating reference topic configurations.
  No conceptual content.  Removing conceptual content components.
    Last step completed in 00:00:00,0116
</buildStep>
<buildStep step="BuildTopics">
Building help topics...
<plugIn name="Website Table of Contents Generator" behavior="Before" priority="1000">
Loading TOC info and adding unique IDs to parent nodes
</plugIn>Loading configuration...
Processing topics...
SHFB: Warning BE0066: ResolveReferenceLinksComponent: [M:NorthLab.PrefabDrawer.BrushModule.MainUI(UnityEngine.Rect)] Unknown reference link target &#39;T:UnityEngine.Rect&#39;.
SHFB: Warning BE0066: ResolveReferenceLinksComponent: [M:NorthLab.PrefabDrawer.BrushModule.MainUI(UnityEngine.Rect)] Unknown reference link target &#39;T:UnityEngine.Rect&#39;.
SHFB: Warning BE0066: ResolveReferenceLinksComponent: [M:NorthLab.PrefabDrawer.BrushModule.SceneUpdate(UnityEditor.SceneView)] Unknown reference link target &#39;T:UnityEditor.SceneView&#39;.
SHFB: Warning BE0066: ResolveReferenceLinksComponent: [M:NorthLab.PrefabDrawer.DisablerModule.MainUI(UnityEngine.Rect)] Unknown reference link target &#39;T:UnityEngine.Rect&#39;.
SHFB: Warning BE0066: ResolveReferenceLinksComponent: [M:NorthLab.PrefabDrawer.DisablerModule.MainUI(UnityEngine.Rect)] Unknown reference link target &#39;T:UnityEngine.Rect&#39;.
SHFB: Warning BE0066: ShowMissingComponent: [M:NorthLab.PrefabDrawer.Drawable.#ctor(UnityEngine.GameObject,System.Boolean,System.Single,System.Boolean,NorthLab.PrefabDrawer.Offsets,System.Boolean,NorthLab.PrefabDrawer.Filters)] Missing &lt;param name=&quot;_prefab&quot;/&gt; documentation
SHFB: Warning BE0066: ShowMissingComponent: [M:NorthLab.PrefabDrawer.Drawable.#ctor(UnityEngine.GameObject,System.Boolean,System.Single,System.Boolean,NorthLab.PrefabDrawer.Offsets,System.Boolean,NorthLab.PrefabDrawer.Filters)] Missing &lt;param name=&quot;_drawThis&quot;/&gt; documentation
SHFB: Warning BE0066: ShowMissingComponent: [M:NorthLab.PrefabDrawer.Drawable.#ctor(UnityEngine.GameObject,System.Boolean,System.Single,System.Boolean,NorthLab.PrefabDrawer.Offsets,System.Boolean,NorthLab.PrefabDrawer.Filters)] Missing &lt;param name=&quot;_weight&quot;/&gt; documentation
SHFB: Warning BE0066: ShowMissingComponent: [M:NorthLab.PrefabDrawer.Drawable.#ctor(UnityEngine.GameObject,System.Boolean,System.Single,System.Boolean,NorthLab.PrefabDrawer.Offsets,System.Boolean,NorthLab.PrefabDrawer.Filters)] Missing &lt;param name=&quot;overrideOffsets&quot;/&gt; documentation
SHFB: Warning BE0066: ShowMissingComponent: [M:NorthLab.PrefabDrawer.Drawable.#ctor(UnityEngine.GameObject,System.Boolean,System.Single,System.Boolean,NorthLab.PrefabDrawer.Offsets,System.Boolean,NorthLab.PrefabDrawer.Filters)] Missing &lt;param name=&quot;offsets&quot;/&gt; documentation
SHFB: Warning BE0066: ShowMissingComponent: [M:NorthLab.PrefabDrawer.Drawable.#ctor(UnityEngine.GameObject,System.Boolean,System.Single,System.Boolean,NorthLab.PrefabDrawer.Offsets,System.Boolean,NorthLab.PrefabDrawer.Filters)] Missing &lt;param name=&quot;overrideFilters&quot;/&gt; documentation
SHFB: Warning BE0066: ShowMissingComponent: [M:NorthLab.PrefabDrawer.Drawable.#ctor(UnityEngine.GameObject,System.Boolean,System.Single,System.Boolean,NorthLab.PrefabDrawer.Offsets,System.Boolean,NorthLab.PrefabDrawer.Filters)] Missing &lt;param name=&quot;filters&quot;/&gt; documentation
SHFB: Warning BE0066: ResolveReferenceLinksComponent: [M:NorthLab.PrefabDrawer.Drawable.#ctor(UnityEngine.GameObject,System.Boolean,System.Single,System.Boolean,NorthLab.PrefabDrawer.Offsets,System.Boolean,NorthLab.PrefabDrawer.Filters)] Unknown reference link target &#39;T:UnityEngine.GameObject&#39;.
SHFB: Warning BE0066: ResolveReferenceLinksComponent: [F:NorthLab.PrefabDrawer.Drawable.prefab] Unknown reference link target &#39;T:UnityEngine.GameObject&#39;.
SHFB: Warning BE0066: ShowMissingComponent: [M:NorthLab.PrefabDrawer.DrawingModule.DuplicatePrefab(NorthLab.PrefabDrawer.Drawable,UnityEngine.RaycastHit)] Missing &lt;param name=&quot;hit&quot;/&gt; documentation
SHFB: Warning BE0066: ResolveReferenceLinksComponent: [M:NorthLab.PrefabDrawer.DrawingModule.DuplicatePrefab(NorthLab.PrefabDrawer.Drawable,UnityEngine.RaycastHit)] Unknown reference link target &#39;T:UnityEngine.RaycastHit&#39;.
SHFB: Warning BE0066: ResolveReferenceLinksComponent: [M:NorthLab.PrefabDrawer.DrawingModule.DuplicatePrefab(NorthLab.PrefabDrawer.Drawable,UnityEngine.RaycastHit)] Unknown reference link target &#39;T:UnityEngine.GameObject&#39;.
SHFB: Warning BE0066: ResolveReferenceLinksComponent: [P:NorthLab.PrefabDrawer.DrawingModule.FlowDir] Unknown reference link target &#39;T:UnityEngine.Vector3&#39;.
SHFB: Warning BE0066: ResolveReferenceLinksComponent: [M:NorthLab.PrefabDrawer.DrawingModule.MainUI(UnityEngine.Rect)] Unknown reference link target &#39;T:UnityEngine.Rect&#39;.
SHFB: Warning BE0066: ResolveReferenceLinksComponent: [M:NorthLab.PrefabDrawer.DrawingModule.MainUI(UnityEngine.Rect)] Unknown reference link target &#39;T:UnityEngine.Rect&#39;.
SHFB: Warning BE0066: ResolveReferenceLinksComponent: [P:NorthLab.PrefabDrawer.DrawingModule.OldPos] Unknown reference link target &#39;T:UnityEngine.Vector3&#39;.
SHFB: Warning BE0066: ShowMissingComponent: [M:NorthLab.PrefabDrawer.DrawingModule.Paint(UnityEngine.RaycastHit)] Missing &lt;param name=&quot;hit&quot;/&gt; documentation
SHFB: Warning BE0066: ResolveReferenceLinksComponent: [M:NorthLab.PrefabDrawer.DrawingModule.Paint(UnityEngine.RaycastHit)] Unknown reference link target &#39;T:UnityEngine.RaycastHit&#39;.
SHFB: Warning BE0066: ResolveReferenceLinksComponent: [P:NorthLab.PrefabDrawer.DrawingModule.Parent] Unknown reference link target &#39;T:UnityEngine.Transform&#39;.
SHFB: Warning BE0066: ResolveReferenceLinksComponent: [M:NorthLab.PrefabDrawer.DrawingModule.SceneUpdate(UnityEditor.SceneView)] Unknown reference link target &#39;T:UnityEditor.SceneView&#39;.
SHFB: Warning BE0066: ResolveReferenceLinksComponent: [T:NorthLab.PrefabDrawer.DrawingModule.OnDraw] Unknown reference link target &#39;T:UnityEngine.GameObject&#39;.
SHFB: Warning BE0066: ResolveReferenceLinksComponent: [M:NorthLab.PrefabDrawer.Filters.DrawUI(UnityEngine.Rect)] Unknown reference link target &#39;T:UnityEngine.Rect&#39;.
SHFB: Warning BE0066: ResolveReferenceLinksComponent: [M:NorthLab.PrefabDrawer.IModule.DrawUI(UnityEngine.Rect)] Unknown reference link target &#39;T:UnityEngine.Rect&#39;.
SHFB: Warning BE0066: ResolveReferenceLinksComponent: [M:NorthLab.PrefabDrawer.IModule.DrawUI(UnityEngine.Rect)] Unknown reference link target &#39;T:UnityEngine.Rect&#39;.
SHFB: Warning BE0066: ResolveReferenceLinksComponent: [M:NorthLab.PrefabDrawer.IModule.SceneUpdate(UnityEditor.SceneView)] Unknown reference link target &#39;T:UnityEditor.SceneView&#39;.
SHFB: Warning BE0066: ResolveReferenceLinksComponent: [M:NorthLab.PrefabDrawer.Module.DrawUI(UnityEngine.Rect)] Unknown reference link target &#39;T:UnityEngine.Rect&#39;.
SHFB: Warning BE0066: ResolveReferenceLinksComponent: [M:NorthLab.PrefabDrawer.Module.DrawUI(UnityEngine.Rect)] Unknown reference link target &#39;T:UnityEngine.Rect&#39;.
SHFB: Warning BE0066: ResolveReferenceLinksComponent: [M:NorthLab.PrefabDrawer.Module.MainUI(UnityEngine.Rect)] Unknown reference link target &#39;T:UnityEngine.Rect&#39;.
SHFB: Warning BE0066: ResolveReferenceLinksComponent: [M:NorthLab.PrefabDrawer.Module.MainUI(UnityEngine.Rect)] Unknown reference link target &#39;T:UnityEngine.Rect&#39;.
SHFB: Warning BE0066: ResolveReferenceLinksComponent: [M:NorthLab.PrefabDrawer.Module.SceneUpdate(UnityEditor.SceneView)] Unknown reference link target &#39;T:UnityEditor.SceneView&#39;.
SHFB: Warning BE0066: ResolveReferenceLinksComponent: [M:NorthLab.PrefabDrawer.Offsets.DrawUI(UnityEngine.Rect)] Unknown reference link target &#39;T:UnityEngine.Rect&#39;.
SHFB: Warning BE0066: ResolveReferenceLinksComponent: [T:NorthLab.PrefabDrawer.PrefabDrawer] Unknown reference link target &#39;T:UnityEngine.Object&#39;.
SHFB: Warning BE0066: ResolveReferenceLinksComponent: [T:NorthLab.PrefabDrawer.PrefabDrawer] Unknown reference link target &#39;T:UnityEngine.ScriptableObject&#39;.
SHFB: Warning BE0066: ResolveReferenceLinksComponent: [T:NorthLab.PrefabDrawer.PrefabDrawer] Unknown reference link target &#39;T:UnityEditor.EditorWindow&#39;.
SHFB: Warning BE0066: ResolveReferenceLinksComponent: [T:NorthLab.PrefabDrawer.PrefabDrawer] Unknown reference link target &#39;P:UnityEditor.EditorWindow.antiAlias&#39;.
SHFB: Warning BE0066: ResolveReferenceLinksComponent: [T:NorthLab.PrefabDrawer.PrefabDrawer] Unknown reference link target &#39;T:UnityEditor.EditorWindow&#39;.
SHFB: Warning BE0066: ResolveReferenceLinksComponent: [T:NorthLab.PrefabDrawer.PrefabDrawer] Unknown reference link target &#39;P:UnityEditor.EditorWindow.autoRepaintOnSceneChange&#39;.
SHFB: Warning BE0066: ResolveReferenceLinksComponent: [T:NorthLab.PrefabDrawer.PrefabDrawer] Unknown reference link target &#39;T:UnityEditor.EditorWindow&#39;.
SHFB: Warning BE0066: ResolveReferenceLinksComponent: [T:NorthLab.PrefabDrawer.PrefabDrawer] Unknown reference link target &#39;P:UnityEditor.EditorWindow.depthBufferBits&#39;.
SHFB: Warning BE0066: ResolveReferenceLinksComponent: [T:NorthLab.PrefabDrawer.PrefabDrawer] Unknown reference link target &#39;T:UnityEditor.EditorWindow&#39;.
SHFB: Warning BE0066: ResolveReferenceLinksComponent: [T:NorthLab.PrefabDrawer.PrefabDrawer] Unknown reference link target &#39;P:UnityEditor.EditorWindow.docked&#39;.
SHFB: Warning BE0066: ResolveReferenceLinksComponent: [T:NorthLab.PrefabDrawer.PrefabDrawer] Unknown reference link target &#39;T:UnityEditor.EditorWindow&#39;.
SHFB: Warning BE0066: ResolveReferenceLinksComponent: [T:NorthLab.PrefabDrawer.PrefabDrawer] Unknown reference link target &#39;P:UnityEditor.EditorWindow.hasFocus&#39;.
SHFB: Warning BE0066: ResolveReferenceLinksComponent: [T:NorthLab.PrefabDrawer.PrefabDrawer] Unknown reference link target &#39;T:UnityEditor.EditorWindow&#39;.
SHFB: Warning BE0066: ResolveReferenceLinksComponent: [T:NorthLab.PrefabDrawer.PrefabDrawer] Unknown reference link target &#39;P:UnityEditor.EditorWindow.hasUnsavedChanges&#39;.
SHFB: Warning BE0066: ResolveReferenceLinksComponent: [T:NorthLab.PrefabDrawer.PrefabDrawer] Unknown reference link target &#39;T:UnityEditor.EditorWindow&#39;.
SHFB: Warning BE0066: ResolveReferenceLinksComponent: [T:NorthLab.PrefabDrawer.PrefabDrawer] Unknown reference link target &#39;P:UnityEngine.Object.hideFlags&#39;.
SHFB: Warning BE0066: ResolveReferenceLinksComponent: [T:NorthLab.PrefabDrawer.PrefabDrawer] Unknown reference link target &#39;T:UnityEngine.Object&#39;.
SHFB: Warning BE0066: ResolveReferenceLinksComponent: [T:NorthLab.PrefabDrawer.PrefabDrawer] Unknown reference link target &#39;P:UnityEditor.EditorWindow.maximized&#39;.
SHFB: Warning BE0066: ResolveReferenceLinksComponent: [T:NorthLab.PrefabDrawer.PrefabDrawer] Unknown reference link target &#39;T:UnityEditor.EditorWindow&#39;.
SHFB: Warning BE0066: ResolveReferenceLinksComponent: [T:NorthLab.PrefabDrawer.PrefabDrawer] Unknown reference link target &#39;P:UnityEditor.EditorWindow.maxSize&#39;.
SHFB: Warning BE0066: ResolveReferenceLinksComponent: [T:NorthLab.PrefabDrawer.PrefabDrawer] Unknown reference link target &#39;T:UnityEditor.EditorWindow&#39;.
SHFB: Warning BE0066: ResolveReferenceLinksComponent: [T:NorthLab.PrefabDrawer.PrefabDrawer] Unknown reference link target &#39;P:UnityEditor.EditorWindow.minSize&#39;.
SHFB: Warning BE0066: ResolveReferenceLinksComponent: [T:NorthLab.PrefabDrawer.PrefabDrawer] Unknown reference link target &#39;T:UnityEditor.EditorWindow&#39;.
SHFB: Warning BE0066: ResolveReferenceLinksComponent: [T:NorthLab.PrefabDrawer.PrefabDrawer] Unknown reference link target &#39;P:UnityEngine.Object.name&#39;.
SHFB: Warning BE0066: ResolveReferenceLinksComponent: [T:NorthLab.PrefabDrawer.PrefabDrawer] Unknown reference link target &#39;T:UnityEngine.Object&#39;.
SHFB: Warning BE0066: ResolveReferenceLinksComponent: [T:NorthLab.PrefabDrawer.PrefabDrawer] Unknown reference link target &#39;P:UnityEditor.EditorWindow.position&#39;.
SHFB: Warning BE0066: ResolveReferenceLinksComponent: [T:NorthLab.PrefabDrawer.PrefabDrawer] Unknown reference link target &#39;T:UnityEditor.EditorWindow&#39;.
SHFB: Warning BE0066: ResolveReferenceLinksComponent: [T:NorthLab.PrefabDrawer.PrefabDrawer] Unknown reference link target &#39;P:UnityEditor.EditorWindow.rootVisualElement&#39;.
SHFB: Warning BE0066: ResolveReferenceLinksComponent: [T:NorthLab.PrefabDrawer.PrefabDrawer] Unknown reference link target &#39;T:UnityEditor.EditorWindow&#39;.
SHFB: Warning BE0066: ResolveReferenceLinksComponent: [T:NorthLab.PrefabDrawer.PrefabDrawer] Unknown reference link target &#39;P:UnityEditor.EditorWindow.saveChangesMessage&#39;.
SHFB: Warning BE0066: ResolveReferenceLinksComponent: [T:NorthLab.PrefabDrawer.PrefabDrawer] Unknown reference link target &#39;T:UnityEditor.EditorWindow&#39;.
SHFB: Warning BE0066: ResolveReferenceLinksComponent: [T:NorthLab.PrefabDrawer.PrefabDrawer] Unknown reference link target &#39;P:UnityEditor.EditorWindow.title&#39;.
SHFB: Warning BE0066: ResolveReferenceLinksComponent: [T:NorthLab.PrefabDrawer.PrefabDrawer] Unknown reference link target &#39;T:UnityEditor.EditorWindow&#39;.
SHFB: Warning BE0066: ResolveReferenceLinksComponent: [T:NorthLab.PrefabDrawer.PrefabDrawer] Unknown reference link target &#39;P:UnityEditor.EditorWindow.titleContent&#39;.
SHFB: Warning BE0066: ResolveReferenceLinksComponent: [T:NorthLab.PrefabDrawer.PrefabDrawer] Unknown reference link target &#39;T:UnityEditor.EditorWindow&#39;.
SHFB: Warning BE0066: ResolveReferenceLinksComponent: [T:NorthLab.PrefabDrawer.PrefabDrawer] Unknown reference link target &#39;P:UnityEditor.EditorWindow.wantsLessLayoutEvents&#39;.
SHFB: Warning BE0066: ResolveReferenceLinksComponent: [T:NorthLab.PrefabDrawer.PrefabDrawer] Unknown reference link target &#39;T:UnityEditor.EditorWindow&#39;.
SHFB: Warning BE0066: ResolveReferenceLinksComponent: [T:NorthLab.PrefabDrawer.PrefabDrawer] Unknown reference link target &#39;P:UnityEditor.EditorWindow.wantsMouseEnterLeaveWindow&#39;.
SHFB: Warning BE0066: ResolveReferenceLinksComponent: [T:NorthLab.PrefabDrawer.PrefabDrawer] Unknown reference link target &#39;T:UnityEditor.EditorWindow&#39;.
SHFB: Warning BE0066: ResolveReferenceLinksComponent: [T:NorthLab.PrefabDrawer.PrefabDrawer] Unknown reference link target &#39;P:UnityEditor.EditorWindow.wantsMouseMove&#39;.
SHFB: Warning BE0066: ResolveReferenceLinksComponent: [T:NorthLab.PrefabDrawer.PrefabDrawer] Unknown reference link target &#39;T:UnityEditor.EditorWindow&#39;.
SHFB: Warning BE0066: ResolveReferenceLinksComponent: [T:NorthLab.PrefabDrawer.PrefabDrawer] Unknown reference link target &#39;M:UnityEditor.EditorWindow.BeginWindows&#39;.
SHFB: Warning BE0066: ResolveReferenceLinksComponent: [T:NorthLab.PrefabDrawer.PrefabDrawer] Unknown reference link target &#39;T:UnityEditor.EditorWindow&#39;.
SHFB: Warning BE0066: ResolveReferenceLinksComponent: [T:NorthLab.PrefabDrawer.PrefabDrawer] Unknown reference link target &#39;M:UnityEditor.EditorWindow.Close&#39;.
SHFB: Warning BE0066: ResolveReferenceLinksComponent: [T:NorthLab.PrefabDrawer.PrefabDrawer] Unknown reference link target &#39;T:UnityEditor.EditorWindow&#39;.
SHFB: Warning BE0066: ResolveReferenceLinksComponent: [T:NorthLab.PrefabDrawer.PrefabDrawer] Unknown reference link target &#39;M:UnityEditor.EditorWindow.EndWindows&#39;.
SHFB: Warning BE0066: ResolveReferenceLinksComponent: [T:NorthLab.PrefabDrawer.PrefabDrawer] Unknown reference link target &#39;T:UnityEditor.EditorWindow&#39;.
SHFB: Warning BE0066: ResolveReferenceLinksComponent: [T:NorthLab.PrefabDrawer.PrefabDrawer] Unknown reference link target &#39;M:UnityEngine.Object.Equals(System.Object)&#39;.
SHFB: Warning BE0066: ResolveReferenceLinksComponent: [T:NorthLab.PrefabDrawer.PrefabDrawer] Unknown reference link target &#39;T:UnityEngine.Object&#39;.
SHFB: Warning BE0066: ResolveReferenceLinksComponent: [T:NorthLab.PrefabDrawer.PrefabDrawer] Unknown reference link target &#39;M:UnityEditor.EditorWindow.Focus&#39;.
SHFB: Warning BE0066: ResolveReferenceLinksComponent: [T:NorthLab.PrefabDrawer.PrefabDrawer] Unknown reference link target &#39;T:UnityEditor.EditorWindow&#39;.
SHFB: Warning BE0066: ResolveReferenceLinksComponent: [T:NorthLab.PrefabDrawer.PrefabDrawer] Unknown reference link target &#39;M:UnityEditor.EditorWindow.GetExtraPaneTypes&#39;.
SHFB: Warning BE0066: ResolveReferenceLinksComponent: [T:NorthLab.PrefabDrawer.PrefabDrawer] Unknown reference link target &#39;T:UnityEditor.EditorWindow&#39;.
SHFB: Warning BE0066: ResolveReferenceLinksComponent: [T:NorthLab.PrefabDrawer.PrefabDrawer] Unknown reference link target &#39;M:UnityEngine.Object.GetHashCode&#39;.
SHFB: Warning BE0066: ResolveReferenceLinksComponent: [T:NorthLab.PrefabDrawer.PrefabDrawer] Unknown reference link target &#39;T:UnityEngine.Object&#39;.
SHFB: Warning BE0066: ResolveReferenceLinksComponent: [T:NorthLab.PrefabDrawer.PrefabDrawer] Unknown reference link target &#39;M:UnityEngine.Object.GetInstanceID&#39;.
SHFB: Warning BE0066: ResolveReferenceLinksComponent: [T:NorthLab.PrefabDrawer.PrefabDrawer] Unknown reference link target &#39;T:UnityEngine.Object&#39;.
SHFB: Warning BE0066: ResolveReferenceLinksComponent: [T:NorthLab.PrefabDrawer.PrefabDrawer] Unknown reference link target &#39;M:UnityEditor.EditorWindow.OnBackingScaleFactorChanged&#39;.
SHFB: Warning BE0066: ResolveReferenceLinksComponent: [T:NorthLab.PrefabDrawer.PrefabDrawer] Unknown reference link target &#39;T:UnityEditor.EditorWindow&#39;.
SHFB: Warning BE0066: ResolveReferenceLinksComponent: [T:NorthLab.PrefabDrawer.PrefabDrawer] Unknown reference link target &#39;M:UnityEditor.EditorWindow.RemoveNotification&#39;.
SHFB: Warning BE0066: ResolveReferenceLinksComponent: [T:NorthLab.PrefabDrawer.PrefabDrawer] Unknown reference link target &#39;T:UnityEditor.EditorWindow&#39;.
SHFB: Warning BE0066: ResolveReferenceLinksComponent: [T:NorthLab.PrefabDrawer.PrefabDrawer] Unknown reference link target &#39;M:UnityEditor.EditorWindow.Repaint&#39;.
SHFB: Warning BE0066: ResolveReferenceLinksComponent: [T:NorthLab.PrefabDrawer.PrefabDrawer] Unknown reference link target &#39;T:UnityEditor.EditorWindow&#39;.
SHFB: Warning BE0066: ResolveReferenceLinksComponent: [T:NorthLab.PrefabDrawer.PrefabDrawer] Unknown reference link target &#39;M:UnityEditor.EditorWindow.SaveChanges&#39;.
SHFB: Warning BE0066: ResolveReferenceLinksComponent: [T:NorthLab.PrefabDrawer.PrefabDrawer] Unknown reference link target &#39;T:UnityEditor.EditorWindow&#39;.
SHFB: Warning BE0066: ResolveReferenceLinksComponent: [T:NorthLab.PrefabDrawer.PrefabDrawer] Unknown reference link target &#39;M:UnityEditor.EditorWindow.SendEvent(UnityEngine.Event)&#39;.
SHFB: Warning BE0066: ResolveReferenceLinksComponent: [T:NorthLab.PrefabDrawer.PrefabDrawer] Unknown reference link target &#39;T:UnityEditor.EditorWindow&#39;.
SHFB: Warning BE0066: ResolveReferenceLinksComponent: [T:NorthLab.PrefabDrawer.PrefabDrawer] Unknown reference link target &#39;M:UnityEngine.ScriptableObject.SetDirty&#39;.
SHFB: Warning BE0066: ResolveReferenceLinksComponent: [T:NorthLab.PrefabDrawer.PrefabDrawer] Unknown reference link target &#39;T:UnityEngine.ScriptableObject&#39;.
SHFB: Warning BE0066: ResolveReferenceLinksComponent: [T:NorthLab.PrefabDrawer.PrefabDrawer] Unknown reference link target &#39;M:UnityEditor.EditorWindow.Show&#39;.
SHFB: Warning BE0066: ResolveReferenceLinksComponent: [T:NorthLab.PrefabDrawer.PrefabDrawer] Unknown reference link target &#39;T:UnityEditor.EditorWindow&#39;.
SHFB: Warning BE0066: ResolveReferenceLinksComponent: [T:NorthLab.PrefabDrawer.PrefabDrawer] Unknown reference link target &#39;M:UnityEditor.EditorWindow.Show(System.Boolean)&#39;.
SHFB: Warning BE0066: ResolveReferenceLinksComponent: [T:NorthLab.PrefabDrawer.PrefabDrawer] Unknown reference link target &#39;T:UnityEditor.EditorWindow&#39;.
SHFB: Warning BE0066: ResolveReferenceLinksComponent: [T:NorthLab.PrefabDrawer.PrefabDrawer] Unknown reference link target &#39;M:UnityEditor.EditorWindow.ShowAsDropDown(UnityEngine.Rect,UnityEngine.Vector2)&#39;.
SHFB: Warning BE0066: ResolveReferenceLinksComponent: [T:NorthLab.PrefabDrawer.PrefabDrawer] Unknown reference link target &#39;T:UnityEditor.EditorWindow&#39;.
SHFB: Warning BE0066: ResolveReferenceLinksComponent: [T:NorthLab.PrefabDrawer.PrefabDrawer] Unknown reference link target &#39;M:UnityEditor.EditorWindow.ShowAuxWindow&#39;.
SHFB: Warning BE0066: ResolveReferenceLinksComponent: [T:NorthLab.PrefabDrawer.PrefabDrawer] Unknown reference link target &#39;T:UnityEditor.EditorWindow&#39;.
SHFB: Warning BE0066: ResolveReferenceLinksComponent: [T:NorthLab.PrefabDrawer.PrefabDrawer] Unknown reference link target &#39;M:UnityEditor.EditorWindow.ShowModal&#39;.
SHFB: Warning BE0066: ResolveReferenceLinksComponent: [T:NorthLab.PrefabDrawer.PrefabDrawer] Unknown reference link target &#39;T:UnityEditor.EditorWindow&#39;.
SHFB: Warning BE0066: ResolveReferenceLinksComponent: [T:NorthLab.PrefabDrawer.PrefabDrawer] Unknown reference link target &#39;M:UnityEditor.EditorWindow.ShowModalUtility&#39;.
SHFB: Warning BE0066: ResolveReferenceLinksComponent: [T:NorthLab.PrefabDrawer.PrefabDrawer] Unknown reference link target &#39;T:UnityEditor.EditorWindow&#39;.
SHFB: Warning BE0066: ResolveReferenceLinksComponent: [T:NorthLab.PrefabDrawer.PrefabDrawer] Unknown reference link target &#39;M:UnityEditor.EditorWindow.ShowNotification(UnityEngine.GUIContent)&#39;.
SHFB: Warning BE0066: ResolveReferenceLinksComponent: [T:NorthLab.PrefabDrawer.PrefabDrawer] Unknown reference link target &#39;T:UnityEditor.EditorWindow&#39;.
SHFB: Warning BE0066: ResolveReferenceLinksComponent: [T:NorthLab.PrefabDrawer.PrefabDrawer] Unknown reference link target &#39;M:UnityEditor.EditorWindow.ShowNotification(UnityEngine.GUIContent,System.Double)&#39;.
SHFB: Warning BE0066: ResolveReferenceLinksComponent: [T:NorthLab.PrefabDrawer.PrefabDrawer] Unknown reference link target &#39;T:UnityEditor.EditorWindow&#39;.
SHFB: Warning BE0066: ResolveReferenceLinksComponent: [T:NorthLab.PrefabDrawer.PrefabDrawer] Unknown reference link target &#39;M:UnityEditor.EditorWindow.ShowPopup&#39;.
SHFB: Warning BE0066: ResolveReferenceLinksComponent: [T:NorthLab.PrefabDrawer.PrefabDrawer] Unknown reference link target &#39;T:UnityEditor.EditorWindow&#39;.
SHFB: Warning BE0066: ResolveReferenceLinksComponent: [T:NorthLab.PrefabDrawer.PrefabDrawer] Unknown reference link target &#39;M:UnityEditor.EditorWindow.ShowTab&#39;.
SHFB: Warning BE0066: ResolveReferenceLinksComponent: [T:NorthLab.PrefabDrawer.PrefabDrawer] Unknown reference link target &#39;T:UnityEditor.EditorWindow&#39;.
SHFB: Warning BE0066: ResolveReferenceLinksComponent: [T:NorthLab.PrefabDrawer.PrefabDrawer] Unknown reference link target &#39;M:UnityEditor.EditorWindow.ShowUtility&#39;.
SHFB: Warning BE0066: ResolveReferenceLinksComponent: [T:NorthLab.PrefabDrawer.PrefabDrawer] Unknown reference link target &#39;T:UnityEditor.EditorWindow&#39;.
SHFB: Warning BE0066: ResolveReferenceLinksComponent: [T:NorthLab.PrefabDrawer.PrefabDrawer] Unknown reference link target &#39;M:UnityEngine.Object.ToString&#39;.
SHFB: Warning BE0066: ResolveReferenceLinksComponent: [T:NorthLab.PrefabDrawer.PrefabDrawer] Unknown reference link target &#39;T:UnityEngine.Object&#39;.
SHFB: Warning BE0066: ResolveReferenceLinksComponent: [Methods.T:NorthLab.PrefabDrawer.PrefabDrawer] Unknown reference link target &#39;M:UnityEditor.EditorWindow.BeginWindows&#39;.
SHFB: Warning BE0066: ResolveReferenceLinksComponent: [Methods.T:NorthLab.PrefabDrawer.PrefabDrawer] Unknown reference link target &#39;T:UnityEditor.EditorWindow&#39;.
SHFB: Warning BE0066: ResolveReferenceLinksComponent: [Methods.T:NorthLab.PrefabDrawer.PrefabDrawer] Unknown reference link target &#39;M:UnityEditor.EditorWindow.Close&#39;.
SHFB: Warning BE0066: ResolveReferenceLinksComponent: [Methods.T:NorthLab.PrefabDrawer.PrefabDrawer] Unknown reference link target &#39;T:UnityEditor.EditorWindow&#39;.
SHFB: Warning BE0066: ResolveReferenceLinksComponent: [Methods.T:NorthLab.PrefabDrawer.PrefabDrawer] Unknown reference link target &#39;M:UnityEditor.EditorWindow.EndWindows&#39;.
SHFB: Warning BE0066: ResolveReferenceLinksComponent: [Methods.T:NorthLab.PrefabDrawer.PrefabDrawer] Unknown reference link target &#39;T:UnityEditor.EditorWindow&#39;.
SHFB: Warning BE0066: ResolveReferenceLinksComponent: [Methods.T:NorthLab.PrefabDrawer.PrefabDrawer] Unknown reference link target &#39;M:UnityEngine.Object.Equals(System.Object)&#39;.
SHFB: Warning BE0066: ResolveReferenceLinksComponent: [Methods.T:NorthLab.PrefabDrawer.PrefabDrawer] Unknown reference link target &#39;T:UnityEngine.Object&#39;.
SHFB: Warning BE0066: ResolveReferenceLinksComponent: [Methods.T:NorthLab.PrefabDrawer.PrefabDrawer] Unknown reference link target &#39;M:UnityEditor.EditorWindow.Focus&#39;.
SHFB: Warning BE0066: ResolveReferenceLinksComponent: [Methods.T:NorthLab.PrefabDrawer.PrefabDrawer] Unknown reference link target &#39;T:UnityEditor.EditorWindow&#39;.
SHFB: Warning BE0066: ResolveReferenceLinksComponent: [Methods.T:NorthLab.PrefabDrawer.PrefabDrawer] Unknown reference link target &#39;M:UnityEditor.EditorWindow.GetExtraPaneTypes&#39;.
SHFB: Warning BE0066: ResolveReferenceLinksComponent: [Methods.T:NorthLab.PrefabDrawer.PrefabDrawer] Unknown reference link target &#39;T:UnityEditor.EditorWindow&#39;.
SHFB: Warning BE0066: ResolveReferenceLinksComponent: [Methods.T:NorthLab.PrefabDrawer.PrefabDrawer] Unknown reference link target &#39;M:UnityEngine.Object.GetHashCode&#39;.
SHFB: Warning BE0066: ResolveReferenceLinksComponent: [Methods.T:NorthLab.PrefabDrawer.PrefabDrawer] Unknown reference link target &#39;T:UnityEngine.Object&#39;.
SHFB: Warning BE0066: ResolveReferenceLinksComponent: [Methods.T:NorthLab.PrefabDrawer.PrefabDrawer] Unknown reference link target &#39;M:UnityEngine.Object.GetInstanceID&#39;.
SHFB: Warning BE0066: ResolveReferenceLinksComponent: [Methods.T:NorthLab.PrefabDrawer.PrefabDrawer] Unknown reference link target &#39;T:UnityEngine.Object&#39;.
SHFB: Warning BE0066: ResolveReferenceLinksComponent: [Methods.T:NorthLab.PrefabDrawer.PrefabDrawer] Unknown reference link target &#39;M:UnityEditor.EditorWindow.OnBackingScaleFactorChanged&#39;.
SHFB: Warning BE0066: ResolveReferenceLinksComponent: [Methods.T:NorthLab.PrefabDrawer.PrefabDrawer] Unknown reference link target &#39;T:UnityEditor.EditorWindow&#39;.
SHFB: Warning BE0066: ResolveReferenceLinksComponent: [Methods.T:NorthLab.PrefabDrawer.PrefabDrawer] Unknown reference link target &#39;M:UnityEditor.EditorWindow.RemoveNotification&#39;.
SHFB: Warning BE0066: ResolveReferenceLinksComponent: [Methods.T:NorthLab.PrefabDrawer.PrefabDrawer] Unknown reference link target &#39;T:UnityEditor.EditorWindow&#39;.
SHFB: Warning BE0066: ResolveReferenceLinksComponent: [Methods.T:NorthLab.PrefabDrawer.PrefabDrawer] Unknown reference link target &#39;M:UnityEditor.EditorWindow.Repaint&#39;.
SHFB: Warning BE0066: ResolveReferenceLinksComponent: [Methods.T:NorthLab.PrefabDrawer.PrefabDrawer] Unknown reference link target &#39;T:UnityEditor.EditorWindow&#39;.
SHFB: Warning BE0066: ResolveReferenceLinksComponent: [Methods.T:NorthLab.PrefabDrawer.PrefabDrawer] Unknown reference link target &#39;M:UnityEditor.EditorWindow.SaveChanges&#39;.
SHFB: Warning BE0066: ResolveReferenceLinksComponent: [Methods.T:NorthLab.PrefabDrawer.PrefabDrawer] Unknown reference link target &#39;T:UnityEditor.EditorWindow&#39;.
SHFB: Warning BE0066: ResolveReferenceLinksComponent: [Methods.T:NorthLab.PrefabDrawer.PrefabDrawer] Unknown reference link target &#39;M:UnityEditor.EditorWindow.SendEvent(UnityEngine.Event)&#39;.
SHFB: Warning BE0066: ResolveReferenceLinksComponent: [Methods.T:NorthLab.PrefabDrawer.PrefabDrawer] Unknown reference link target &#39;T:UnityEditor.EditorWindow&#39;.
SHFB: Warning BE0066: ResolveReferenceLinksComponent: [Methods.T:NorthLab.PrefabDrawer.PrefabDrawer] Unknown reference link target &#39;M:UnityEngine.ScriptableObject.SetDirty&#39;.
SHFB: Warning BE0066: ResolveReferenceLinksComponent: [Methods.T:NorthLab.PrefabDrawer.PrefabDrawer] Unknown reference link target &#39;T:UnityEngine.ScriptableObject&#39;.
SHFB: Warning BE0066: ResolveReferenceLinksComponent: [Methods.T:NorthLab.PrefabDrawer.PrefabDrawer] Unknown reference link target &#39;M:UnityEditor.EditorWindow.Show&#39;.
SHFB: Warning BE0066: ResolveReferenceLinksComponent: [Methods.T:NorthLab.PrefabDrawer.PrefabDrawer] Unknown reference link target &#39;T:UnityEditor.EditorWindow&#39;.
SHFB: Warning BE0066: ResolveReferenceLinksComponent: [Methods.T:NorthLab.PrefabDrawer.PrefabDrawer] Unknown reference link target &#39;M:UnityEditor.EditorWindow.Show(System.Boolean)&#39;.
SHFB: Warning BE0066: ResolveReferenceLinksComponent: [Methods.T:NorthLab.PrefabDrawer.PrefabDrawer] Unknown reference link target &#39;T:UnityEditor.EditorWindow&#39;.
SHFB: Warning BE0066: ResolveReferenceLinksComponent: [Methods.T:NorthLab.PrefabDrawer.PrefabDrawer] Unknown reference link target &#39;M:UnityEditor.EditorWindow.ShowAsDropDown(UnityEngine.Rect,UnityEngine.Vector2)&#39;.
SHFB: Warning BE0066: ResolveReferenceLinksComponent: [Methods.T:NorthLab.PrefabDrawer.PrefabDrawer] Unknown reference link target &#39;T:UnityEditor.EditorWindow&#39;.
SHFB: Warning BE0066: ResolveReferenceLinksComponent: [Methods.T:NorthLab.PrefabDrawer.PrefabDrawer] Unknown reference link target &#39;M:UnityEditor.EditorWindow.ShowAuxWindow&#39;.
SHFB: Warning BE0066: ResolveReferenceLinksComponent: [Methods.T:NorthLab.PrefabDrawer.PrefabDrawer] Unknown reference link target &#39;T:UnityEditor.EditorWindow&#39;.
SHFB: Warning BE0066: ResolveReferenceLinksComponent: [Methods.T:NorthLab.PrefabDrawer.PrefabDrawer] Unknown reference link target &#39;M:UnityEditor.EditorWindow.ShowModal&#39;.
SHFB: Warning BE0066: ResolveReferenceLinksComponent: [Methods.T:NorthLab.PrefabDrawer.PrefabDrawer] Unknown reference link target &#39;T:UnityEditor.EditorWindow&#39;.
SHFB: Warning BE0066: ResolveReferenceLinksComponent: [Methods.T:NorthLab.PrefabDrawer.PrefabDrawer] Unknown reference link target &#39;M:UnityEditor.EditorWindow.ShowModalUtility&#39;.
SHFB: Warning BE0066: ResolveReferenceLinksComponent: [Methods.T:NorthLab.PrefabDrawer.PrefabDrawer] Unknown reference link target &#39;T:UnityEditor.EditorWindow&#39;.
SHFB: Warning BE0066: ResolveReferenceLinksComponent: [Methods.T:NorthLab.PrefabDrawer.PrefabDrawer] Unknown reference link target &#39;M:UnityEditor.EditorWindow.ShowNotification(UnityEngine.GUIContent)&#39;.
SHFB: Warning BE0066: ResolveReferenceLinksComponent: [Methods.T:NorthLab.PrefabDrawer.PrefabDrawer] Unknown reference link target &#39;T:UnityEditor.EditorWindow&#39;.
SHFB: Warning BE0066: ResolveReferenceLinksComponent: [Methods.T:NorthLab.PrefabDrawer.PrefabDrawer] Unknown reference link target &#39;M:UnityEditor.EditorWindow.ShowNotification(UnityEngine.GUIContent,System.Double)&#39;.
SHFB: Warning BE0066: ResolveReferenceLinksComponent: [Methods.T:NorthLab.PrefabDrawer.PrefabDrawer] Unknown reference link target &#39;T:UnityEditor.EditorWindow&#39;.
SHFB: Warning BE0066: ResolveReferenceLinksComponent: [Methods.T:NorthLab.PrefabDrawer.PrefabDrawer] Unknown reference link target &#39;M:UnityEditor.EditorWindow.ShowPopup&#39;.
SHFB: Warning BE0066: ResolveReferenceLinksComponent: [Methods.T:NorthLab.PrefabDrawer.PrefabDrawer] Unknown reference link target &#39;T:UnityEditor.EditorWindow&#39;.
SHFB: Warning BE0066: ResolveReferenceLinksComponent: [Methods.T:NorthLab.PrefabDrawer.PrefabDrawer] Unknown reference link target &#39;M:UnityEditor.EditorWindow.ShowTab&#39;.
SHFB: Warning BE0066: ResolveReferenceLinksComponent: [Methods.T:NorthLab.PrefabDrawer.PrefabDrawer] Unknown reference link target &#39;T:UnityEditor.EditorWindow&#39;.
SHFB: Warning BE0066: ResolveReferenceLinksComponent: [Methods.T:NorthLab.PrefabDrawer.PrefabDrawer] Unknown reference link target &#39;M:UnityEditor.EditorWindow.ShowUtility&#39;.
SHFB: Warning BE0066: ResolveReferenceLinksComponent: [Methods.T:NorthLab.PrefabDrawer.PrefabDrawer] Unknown reference link target &#39;T:UnityEditor.EditorWindow&#39;.
SHFB: Warning BE0066: ResolveReferenceLinksComponent: [Methods.T:NorthLab.PrefabDrawer.PrefabDrawer] Unknown reference link target &#39;M:UnityEngine.Object.ToString&#39;.
SHFB: Warning BE0066: ResolveReferenceLinksComponent: [Methods.T:NorthLab.PrefabDrawer.PrefabDrawer] Unknown reference link target &#39;T:UnityEngine.Object&#39;.
SHFB: Warning BE0066: ResolveReferenceLinksComponent: [Properties.T:NorthLab.PrefabDrawer.PrefabDrawer] Unknown reference link target &#39;P:UnityEditor.EditorWindow.antiAlias&#39;.
SHFB: Warning BE0066: ResolveReferenceLinksComponent: [Properties.T:NorthLab.PrefabDrawer.PrefabDrawer] Unknown reference link target &#39;T:UnityEditor.EditorWindow&#39;.
SHFB: Warning BE0066: ResolveReferenceLinksComponent: [Properties.T:NorthLab.PrefabDrawer.PrefabDrawer] Unknown reference link target &#39;P:UnityEditor.EditorWindow.autoRepaintOnSceneChange&#39;.
SHFB: Warning BE0066: ResolveReferenceLinksComponent: [Properties.T:NorthLab.PrefabDrawer.PrefabDrawer] Unknown reference link target &#39;T:UnityEditor.EditorWindow&#39;.
SHFB: Warning BE0066: ResolveReferenceLinksComponent: [Properties.T:NorthLab.PrefabDrawer.PrefabDrawer] Unknown reference link target &#39;P:UnityEditor.EditorWindow.depthBufferBits&#39;.
SHFB: Warning BE0066: ResolveReferenceLinksComponent: [Properties.T:NorthLab.PrefabDrawer.PrefabDrawer] Unknown reference link target &#39;T:UnityEditor.EditorWindow&#39;.
SHFB: Warning BE0066: ResolveReferenceLinksComponent: [Properties.T:NorthLab.PrefabDrawer.PrefabDrawer] Unknown reference link target &#39;P:UnityEditor.EditorWindow.docked&#39;.
SHFB: Warning BE0066: ResolveReferenceLinksComponent: [Properties.T:NorthLab.PrefabDrawer.PrefabDrawer] Unknown reference link target &#39;T:UnityEditor.EditorWindow&#39;.
SHFB: Warning BE0066: ResolveReferenceLinksComponent: [Properties.T:NorthLab.PrefabDrawer.PrefabDrawer] Unknown reference link target &#39;P:UnityEditor.EditorWindow.hasFocus&#39;.
SHFB: Warning BE0066: ResolveReferenceLinksComponent: [Properties.T:NorthLab.PrefabDrawer.PrefabDrawer] Unknown reference link target &#39;T:UnityEditor.EditorWindow&#39;.
SHFB: Warning BE0066: ResolveReferenceLinksComponent: [Properties.T:NorthLab.PrefabDrawer.PrefabDrawer] Unknown reference link target &#39;P:UnityEditor.EditorWindow.hasUnsavedChanges&#39;.
SHFB: Warning BE0066: ResolveReferenceLinksComponent: [Properties.T:NorthLab.PrefabDrawer.PrefabDrawer] Unknown reference link target &#39;T:UnityEditor.EditorWindow&#39;.
SHFB: Warning BE0066: ResolveReferenceLinksComponent: [Properties.T:NorthLab.PrefabDrawer.PrefabDrawer] Unknown reference link target &#39;P:UnityEngine.Object.hideFlags&#39;.
SHFB: Warning BE0066: ResolveReferenceLinksComponent: [Properties.T:NorthLab.PrefabDrawer.PrefabDrawer] Unknown reference link target &#39;T:UnityEngine.Object&#39;.
SHFB: Warning BE0066: ResolveReferenceLinksComponent: [Properties.T:NorthLab.PrefabDrawer.PrefabDrawer] Unknown reference link target &#39;P:UnityEditor.EditorWindow.maximized&#39;.
SHFB: Warning BE0066: ResolveReferenceLinksComponent: [Properties.T:NorthLab.PrefabDrawer.PrefabDrawer] Unknown reference link target &#39;T:UnityEditor.EditorWindow&#39;.
SHFB: Warning BE0066: ResolveReferenceLinksComponent: [Properties.T:NorthLab.PrefabDrawer.PrefabDrawer] Unknown reference link target &#39;P:UnityEditor.EditorWindow.maxSize&#39;.
SHFB: Warning BE0066: ResolveReferenceLinksComponent: [Properties.T:NorthLab.PrefabDrawer.PrefabDrawer] Unknown reference link target &#39;T:UnityEditor.EditorWindow&#39;.
SHFB: Warning BE0066: ResolveReferenceLinksComponent: [Properties.T:NorthLab.PrefabDrawer.PrefabDrawer] Unknown reference link target &#39;P:UnityEditor.EditorWindow.minSize&#39;.
SHFB: Warning BE0066: ResolveReferenceLinksComponent: [Properties.T:NorthLab.PrefabDrawer.PrefabDrawer] Unknown reference link target &#39;T:UnityEditor.EditorWindow&#39;.
SHFB: Warning BE0066: ResolveReferenceLinksComponent: [Properties.T:NorthLab.PrefabDrawer.PrefabDrawer] Unknown reference link target &#39;P:UnityEngine.Object.name&#39;.
SHFB: Warning BE0066: ResolveReferenceLinksComponent: [Properties.T:NorthLab.PrefabDrawer.PrefabDrawer] Unknown reference link target &#39;T:UnityEngine.Object&#39;.
SHFB: Warning BE0066: ResolveReferenceLinksComponent: [Properties.T:NorthLab.PrefabDrawer.PrefabDrawer] Unknown reference link target &#39;P:UnityEditor.EditorWindow.position&#39;.
SHFB: Warning BE0066: ResolveReferenceLinksComponent: [Properties.T:NorthLab.PrefabDrawer.PrefabDrawer] Unknown reference link target &#39;T:UnityEditor.EditorWindow&#39;.
SHFB: Warning BE0066: ResolveReferenceLinksComponent: [Properties.T:NorthLab.PrefabDrawer.PrefabDrawer] Unknown reference link target &#39;P:UnityEditor.EditorWindow.rootVisualElement&#39;.
SHFB: Warning BE0066: ResolveReferenceLinksComponent: [Properties.T:NorthLab.PrefabDrawer.PrefabDrawer] Unknown reference link target &#39;T:UnityEditor.EditorWindow&#39;.
SHFB: Warning BE0066: ResolveReferenceLinksComponent: [Properties.T:NorthLab.PrefabDrawer.PrefabDrawer] Unknown reference link target &#39;P:UnityEditor.EditorWindow.saveChangesMessage&#39;.
SHFB: Warning BE0066: ResolveReferenceLinksComponent: [Properties.T:NorthLab.PrefabDrawer.PrefabDrawer] Unknown reference link target &#39;T:UnityEditor.EditorWindow&#39;.
SHFB: Warning BE0066: ResolveReferenceLinksComponent: [Properties.T:NorthLab.PrefabDrawer.PrefabDrawer] Unknown reference link target &#39;P:UnityEditor.EditorWindow.title&#39;.
SHFB: Warning BE0066: ResolveReferenceLinksComponent: [Properties.T:NorthLab.PrefabDrawer.PrefabDrawer] Unknown reference link target &#39;T:UnityEditor.EditorWindow&#39;.
SHFB: Warning BE0066: ResolveReferenceLinksComponent: [Properties.T:NorthLab.PrefabDrawer.PrefabDrawer] Unknown reference link target &#39;P:UnityEditor.EditorWindow.titleContent&#39;.
SHFB: Warning BE0066: ResolveReferenceLinksComponent: [Properties.T:NorthLab.PrefabDrawer.PrefabDrawer] Unknown reference link target &#39;T:UnityEditor.EditorWindow&#39;.
SHFB: Warning BE0066: ResolveReferenceLinksComponent: [Properties.T:NorthLab.PrefabDrawer.PrefabDrawer] Unknown reference link target &#39;P:UnityEditor.EditorWindow.wantsLessLayoutEvents&#39;.
SHFB: Warning BE0066: ResolveReferenceLinksComponent: [Properties.T:NorthLab.PrefabDrawer.PrefabDrawer] Unknown reference link target &#39;T:UnityEditor.EditorWindow&#39;.
SHFB: Warning BE0066: ResolveReferenceLinksComponent: [Properties.T:NorthLab.PrefabDrawer.PrefabDrawer] Unknown reference link target &#39;P:UnityEditor.EditorWindow.wantsMouseEnterLeaveWindow&#39;.
SHFB: Warning BE0066: ResolveReferenceLinksComponent: [Properties.T:NorthLab.PrefabDrawer.PrefabDrawer] Unknown reference link target &#39;T:UnityEditor.EditorWindow&#39;.
SHFB: Warning BE0066: ResolveReferenceLinksComponent: [Properties.T:NorthLab.PrefabDrawer.PrefabDrawer] Unknown reference link target &#39;P:UnityEditor.EditorWindow.wantsMouseMove&#39;.
SHFB: Warning BE0066: ResolveReferenceLinksComponent: [Properties.T:NorthLab.PrefabDrawer.PrefabDrawer] Unknown reference link target &#39;T:UnityEditor.EditorWindow&#39;.
SHFB: Warning BE0066: ResolveReferenceLinksComponent: [M:NorthLab.PrefabDrawer.PrefabDrawerUtils.InsideTriangle(UnityEngine.Vector2,UnityEngine.Vector2,UnityEngine.Vector2,UnityEngine.Vector2)] Unknown reference link target &#39;T:UnityEngine.Vector2&#39;.
SHFB: Warning BE0066: ResolveReferenceLinksComponent: [M:NorthLab.PrefabDrawer.PrefabDrawerUtils.InsideTriangle(UnityEngine.Vector2,UnityEngine.Vector2,UnityEngine.Vector2,UnityEngine.Vector2)] Unknown reference link target &#39;T:UnityEngine.Vector2&#39;.
SHFB: Warning BE0066: ResolveReferenceLinksComponent: [M:NorthLab.PrefabDrawer.PrefabDrawerUtils.InsideTriangle(UnityEngine.Vector2,UnityEngine.Vector2,UnityEngine.Vector2,UnityEngine.Vector2)] Unknown reference link target &#39;T:UnityEngine.Vector2&#39;.
SHFB: Warning BE0066: ResolveReferenceLinksComponent: [M:NorthLab.PrefabDrawer.PrefabDrawerUtils.InsideTriangle(UnityEngine.Vector2,UnityEngine.Vector2,UnityEngine.Vector2,UnityEngine.Vector2)] Unknown reference link target &#39;T:UnityEngine.Vector2&#39;.
SHFB: Warning BE0066: ResolveReferenceLinksComponent: [M:NorthLab.PrefabDrawer.PrefabsModule.MainUI(UnityEngine.Rect)] Unknown reference link target &#39;T:UnityEngine.Rect&#39;.
SHFB: Warning BE0066: ResolveReferenceLinksComponent: [M:NorthLab.PrefabDrawer.PrefabsModule.MainUI(UnityEngine.Rect)] Unknown reference link target &#39;T:UnityEngine.Rect&#39;.
SHFB: Warning BE0066: ResolveReferenceLinksComponent: [M:NorthLab.PrefabDrawer.RegionModule.MainUI(UnityEngine.Rect)] Unknown reference link target &#39;T:UnityEngine.Rect&#39;.
SHFB: Warning BE0066: ResolveReferenceLinksComponent: [M:NorthLab.PrefabDrawer.RegionModule.MainUI(UnityEngine.Rect)] Unknown reference link target &#39;T:UnityEngine.Rect&#39;.
SHFB: Warning BE0066: ResolveReferenceLinksComponent: [M:NorthLab.PrefabDrawer.RegionModule.SceneUpdate(UnityEditor.SceneView)] Unknown reference link target &#39;T:UnityEditor.SceneView&#39;.
SHFB: Warning BE0066: ShowMissingComponent: [M:NorthLab.PrefabDrawer.SavedPrefab.#ctor(System.String,System.Boolean,System.Single,System.Boolean,NorthLab.PrefabDrawer.Offsets,System.Boolean,NorthLab.PrefabDrawer.Filters)] Missing &lt;param name=&quot;_path&quot;/&gt; documentation
SHFB: Warning BE0066: ShowMissingComponent: [M:NorthLab.PrefabDrawer.SavedPrefab.#ctor(System.String,System.Boolean,System.Single,System.Boolean,NorthLab.PrefabDrawer.Offsets,System.Boolean,NorthLab.PrefabDrawer.Filters)] Missing &lt;param name=&quot;_drawThis&quot;/&gt; documentation
SHFB: Warning BE0066: ShowMissingComponent: [M:NorthLab.PrefabDrawer.SavedPrefab.#ctor(System.String,System.Boolean,System.Single,System.Boolean,NorthLab.PrefabDrawer.Offsets,System.Boolean,NorthLab.PrefabDrawer.Filters)] Missing &lt;param name=&quot;_weight&quot;/&gt; documentation
SHFB: Warning BE0066: ShowMissingComponent: [M:NorthLab.PrefabDrawer.SavedPrefab.#ctor(System.String,System.Boolean,System.Single,System.Boolean,NorthLab.PrefabDrawer.Offsets,System.Boolean,NorthLab.PrefabDrawer.Filters)] Missing &lt;param name=&quot;overrideOffsets&quot;/&gt; documentation
SHFB: Warning BE0066: ShowMissingComponent: [M:NorthLab.PrefabDrawer.SavedPrefab.#ctor(System.String,System.Boolean,System.Single,System.Boolean,NorthLab.PrefabDrawer.Offsets,System.Boolean,NorthLab.PrefabDrawer.Filters)] Missing &lt;param name=&quot;offsets&quot;/&gt; documentation
SHFB: Warning BE0066: ShowMissingComponent: [M:NorthLab.PrefabDrawer.SavedPrefab.#ctor(System.String,System.Boolean,System.Single,System.Boolean,NorthLab.PrefabDrawer.Offsets,System.Boolean,NorthLab.PrefabDrawer.Filters)] Missing &lt;param name=&quot;overrideFilters&quot;/&gt; documentation
SHFB: Warning BE0066: ShowMissingComponent: [M:NorthLab.PrefabDrawer.SavedPrefab.#ctor(System.String,System.Boolean,System.Single,System.Boolean,NorthLab.PrefabDrawer.Offsets,System.Boolean,NorthLab.PrefabDrawer.Filters)] Missing &lt;param name=&quot;filters&quot;/&gt; documentation
SHFB: Warning BE0066: ResolveReferenceLinksComponent: [M:NorthLab.PrefabDrawer.SaveLoadModule.MainUI(UnityEngine.Rect)] Unknown reference link target &#39;T:UnityEngine.Rect&#39;.
SHFB: Warning BE0066: ResolveReferenceLinksComponent: [M:NorthLab.PrefabDrawer.SaveLoadModule.MainUI(UnityEngine.Rect)] Unknown reference link target &#39;T:UnityEngine.Rect&#39;.
Processed 247 topic(s)
237 warning(s)
CopyFromIndexComponent: &quot;reflection&quot; in-memory cache entries used: 4 of 15.
CopyFromIndexComponent: &quot;comments&quot; in-memory cache entries used: 3 of 30.
<plugIn name="Website Table of Contents Generator" behavior="After" priority="1000">
Generating TOC fragment files
</plugIn>    Last step completed in 00:00:03,7107
</buildStep>
<buildStep step="CopyStandardHelpContent">
Copying standard help content...
D:\Sandcastle Help File Builder\Components\Default2022\css\bulma.css -&gt; F:\PrefabDrawer\PrefabDrawer\Help\Working\Output\Website\css\bulma.css
D:\Sandcastle Help File Builder\Components\Default2022\css\bulma.css.map -&gt; F:\PrefabDrawer\PrefabDrawer\Help\Working\Output\Website\css\bulma.css.map
D:\Sandcastle Help File Builder\Components\Default2022\css\bulma.min.css -&gt; F:\PrefabDrawer\PrefabDrawer\Help\Working\Output\Website\css\bulma.min.css
D:\Sandcastle Help File Builder\Components\Default2022\css\font-awesome.css -&gt; F:\PrefabDrawer\PrefabDrawer\Help\Working\Output\Website\css\font-awesome.css
D:\Sandcastle Help File Builder\Components\Default2022\css\font-awesome.min.css -&gt; F:\PrefabDrawer\PrefabDrawer\Help\Working\Output\Website\css\font-awesome.min.css
D:\Sandcastle Help File Builder\Components\Default2022\css\ja-JP.css -&gt; F:\PrefabDrawer\PrefabDrawer\Help\Working\Output\Website\css\ja-JP.css
D:\Sandcastle Help File Builder\Components\Default2022\css\ko-KR.css -&gt; F:\PrefabDrawer\PrefabDrawer\Help\Working\Output\Website\css\ko-KR.css
D:\Sandcastle Help File Builder\Components\Default2022\css\presentationStyle.css -&gt; F:\PrefabDrawer\PrefabDrawer\Help\Working\Output\Website\css\presentationStyle.css
D:\Sandcastle Help File Builder\Components\Default2022\css\vs.min.css -&gt; F:\PrefabDrawer\PrefabDrawer\Help\Working\Output\Website\css\vs.min.css
D:\Sandcastle Help File Builder\Components\Default2022\css\zh-CN.css -&gt; F:\PrefabDrawer\PrefabDrawer\Help\Working\Output\Website\css\zh-CN.css
D:\Sandcastle Help File Builder\Components\Default2022\css\zh-TW.css -&gt; F:\PrefabDrawer\PrefabDrawer\Help\Working\Output\Website\css\zh-TW.css
D:\Sandcastle Help File Builder\Components\Default2022\icons\favicon.ico -&gt; F:\PrefabDrawer\PrefabDrawer\Help\Working\Output\Website\icons\favicon.ico
D:\Sandcastle Help File Builder\Components\Default2022\scripts\clipboard.min.js -&gt; F:\PrefabDrawer\PrefabDrawer\Help\Working\Output\Website\scripts\clipboard.min.js
D:\Sandcastle Help File Builder\Components\Default2022\scripts\highlight.min.js -&gt; F:\PrefabDrawer\PrefabDrawer\Help\Working\Output\Website\scripts\highlight.min.js
D:\Sandcastle Help File Builder\Components\Default2022\scripts\jquery-3.5.1.min.js -&gt; F:\PrefabDrawer\PrefabDrawer\Help\Working\Output\Website\scripts\jquery-3.5.1.min.js
D:\Sandcastle Help File Builder\Components\Default2022\scripts\presentationStyle.js -&gt; F:\PrefabDrawer\PrefabDrawer\Help\Working\Output\Website\scripts\presentationStyle.js
D:\Sandcastle Help File Builder\Components\Default2022\webfonts\fa-brands-400.ttf -&gt; F:\PrefabDrawer\PrefabDrawer\Help\Working\Output\Website\webfonts\fa-brands-400.ttf
D:\Sandcastle Help File Builder\Components\Default2022\webfonts\fa-brands-400.woff2 -&gt; F:\PrefabDrawer\PrefabDrawer\Help\Working\Output\Website\webfonts\fa-brands-400.woff2
D:\Sandcastle Help File Builder\Components\Default2022\webfonts\fa-regular-400.ttf -&gt; F:\PrefabDrawer\PrefabDrawer\Help\Working\Output\Website\webfonts\fa-regular-400.ttf
D:\Sandcastle Help File Builder\Components\Default2022\webfonts\fa-regular-400.woff2 -&gt; F:\PrefabDrawer\PrefabDrawer\Help\Working\Output\Website\webfonts\fa-regular-400.woff2
D:\Sandcastle Help File Builder\Components\Default2022\webfonts\fa-solid-900.ttf -&gt; F:\PrefabDrawer\PrefabDrawer\Help\Working\Output\Website\webfonts\fa-solid-900.ttf
D:\Sandcastle Help File Builder\Components\Default2022\webfonts\fa-solid-900.woff2 -&gt; F:\PrefabDrawer\PrefabDrawer\Help\Working\Output\Website\webfonts\fa-solid-900.woff2
D:\Sandcastle Help File Builder\Components\Default2022\webfonts\fa-v4compatibility.ttf -&gt; F:\PrefabDrawer\PrefabDrawer\Help\Working\Output\Website\webfonts\fa-v4compatibility.ttf
D:\Sandcastle Help File Builder\Components\Default2022\webfonts\fa-v4compatibility.woff2 -&gt; F:\PrefabDrawer\PrefabDrawer\Help\Working\Output\Website\webfonts\fa-v4compatibility.woff2
D:\Sandcastle Help File Builder\Components\Default2022\RootWebsiteContent\GeneralError.html -&gt; F:\PrefabDrawer\PrefabDrawer\Help\Working\Output\Website\GeneralError.html
D:\Sandcastle Help File Builder\Components\Default2022\RootWebsiteContent\index.html -&gt; F:\PrefabDrawer\PrefabDrawer\Help\Working\Output\Website\index.html
D:\Sandcastle Help File Builder\Components\Default2022\RootWebsiteContent\PageNotFound.html -&gt; F:\PrefabDrawer\PrefabDrawer\Help\Working\Output\Website\PageNotFound.html
D:\Sandcastle Help File Builder\Components\Default2022\RootWebsiteContent\search.html -&gt; F:\PrefabDrawer\PrefabDrawer\Help\Working\Output\Website\search.html
D:\Sandcastle Help File Builder\Components\Default2022\RootWebsiteContent\SearchHelp.aspx -&gt; F:\PrefabDrawer\PrefabDrawer\Help\Working\Output\Website\SearchHelp.aspx
D:\Sandcastle Help File Builder\Components\Default2022\RootWebsiteContent\SearchHelp.inc.php -&gt; F:\PrefabDrawer\PrefabDrawer\Help\Working\Output\Website\SearchHelp.inc.php
D:\Sandcastle Help File Builder\Components\Default2022\RootWebsiteContent\SearchHelp.php -&gt; F:\PrefabDrawer\PrefabDrawer\Help\Working\Output\Website\SearchHelp.php
D:\Sandcastle Help File Builder\Components\Default2022\RootWebsiteContent\Web.Config -&gt; F:\PrefabDrawer\PrefabDrawer\Help\Working\Output\Website\Web.Config
    Last step completed in 00:00:00,1795
</buildStep>
<buildStep step="GenerateFullTextIndex">
Generating full-text index for the website...

    Last step completed in 00:00:00,1142
</buildStep>
<buildStep step="CopyingWebsiteFiles">
Copying website files to output folder...

Copied 373 files for the website content
    Last step completed in 00:00:00,1701
</buildStep>
<buildStep step="CleanIntermediates">
Removing intermediate files...
    Last step completed in 00:00:00,1246
</buildStep>
<buildStep step="Completed">

Build completed successfully at 27.03.2024 20:38:57.  Total time: 00:00:08,6642

</buildStep>
</shfbBuild>
